Using pre-set license
Built from '2020.3/staging' branch; Version is '2020.3.11f1 (99c7afb366b3) revision 10078127'; Using compiler version '192528614'; Build Type 'Release'
OS: 'Windows 10 Pro; OS build 18363.1556; Version 1909; 64bit' Language: 'en' Physical Memory: 32679 MB
BatchMode: 1, IsHumanControllingUs: 0, StartBugReporterOnCrash: 0, Is64bit: 1, IsPro: 0

 COMMAND LINE ARGUMENTS:
C:\Program Files (x86)\Microsoft Visual Studio Tools for Unity\16.0\Editor\2020.3.11f1\Editor\Unity.exe
-adb2
-batchMode
-noUpm
-name
AssetImportWorker0
-projectPath
C:/Users/kkrup/MyLife_Unity
-logFile
Logs/AssetImportWorker0.log
-srvPort
62279
Successfully changed project path to: C:/Users/kkrup/MyLife_Unity
C:/Users/kkrup/MyLife_Unity
Using Asset Import Pipeline V2.
Refreshing native plugins compatible for Editor in 39.38 ms, found 3 plugins.
Preloading 0 native plugins for Editor in 0.00 ms.
Initialize engine version: 2020.3.11f1 (99c7afb366b3)
[Subsystems] Discovering subsystems at path C:/Program Files (x86)/Microsoft Visual Studio Tools for Unity/16.0/Editor/2020.3.11f1/Editor/Data/Resources/UnitySubsystems
[Subsystems] Discovering subsystems at path C:/Users/kkrup/MyLife_Unity/Assets
GfxDevice: creating device client; threaded=0
Direct3D:
    Version:  Direct3D 11.0 [level 11.1]
    Renderer: NVIDIA GeForce RTX 2070 (ID=0x1f07)
    Vendor:   
    VRAM:     8031 MB
    Driver:   27.21.14.6079
Initialize mono
Mono path[0] = 'C:/Program Files (x86)/Microsoft Visual Studio Tools for Unity/16.0/Editor/2020.3.11f1/Editor/Data/Managed'
Mono path[1] = 'C:/Program Files (x86)/Microsoft Visual Studio Tools for Unity/16.0/Editor/2020.3.11f1/Editor/Data/MonoBleedingEdge/lib/mono/unityjit'
Mono config path = 'C:/Program Files (x86)/Microsoft Visual Studio Tools for Unity/16.0/Editor/2020.3.11f1/Editor/Data/MonoBleedingEdge/etc'
Using monoOptions --debugger-agent=transport=dt_socket,embedding=1,server=y,suspend=n,address=127.0.0.1:56228
Begin MonoManager ReloadAssembly
Registering precompiled unity dll's ...
Register platform support module: C:/Program Files (x86)/Microsoft Visual Studio Tools for Unity/16.0/Editor/2020.3.11f1/Editor/Data/PlaybackEngines/WindowsStandaloneSupport/UnityEditor.WindowsStandalone.Extensions.dll
Registered in 0.002555 seconds.
Native extension for WindowsStandalone target not found
Refreshing native plugins compatible for Editor in 32.29 ms, found 3 plugins.
Preloading 0 native plugins for Editor in 0.00 ms.
Mono: successfully reloaded assembly
- Completed reload, in  1.323 seconds
Platform modules already initialized, skipping
Registering precompiled user dll's ...
Registered in 0.004413 seconds.
Begin MonoManager ReloadAssembly
Native extension for WindowsStandalone target not found
Refreshing native plugins compatible for Editor in 37.77 ms, found 3 plugins.
Preloading 0 native plugins for Editor in 0.00 ms.
Mono: successfully reloaded assembly
- Completed reload, in  0.944 seconds
Platform modules already initialized, skipping
========================================================================
Worker process is ready to serve import requests
Launched and connected shader compiler UnityShaderCompiler.exe after 0.04 seconds
Refreshing native plugins compatible for Editor in 0.34 ms, found 3 plugins.
Preloading 0 native plugins for Editor in 0.00 ms.
Unloading 2081 Unused Serialized files (Serialized files now loaded: 0)
System memory in use before: 92.8 MB.
System memory in use after: 92.8 MB.

Unloading 34 unused Assets to reduce memory usage. Loaded Objects now: 2513.
Total: 1.855000 ms (FindLiveObjects: 0.158100 ms CreateObjectMapping: 0.055300 ms MarkObjects: 1.533200 ms  DeleteObjects: 0.107700 ms)

========================================================================
Received Import Request.
  path: Assets/MyLife_App/obj
  artifactKey: Guid(e13a83259108b8149bbf3537511a12df) Importer(815301076,1909f56bfc062723c751e8b465ee728b)
Start importing Assets/MyLife_App/obj using Guid(e13a83259108b8149bbf3537511a12df) Importer(815301076,1909f56bfc062723c751e8b465ee728b)  -> (artifact id: 'a806737c2540c3bbbc7027a382869d09') in 0.009600 seconds
  Import took 0.013250 seconds .

========================================================================
Received Prepare
Refreshing native plugins compatible for Editor in 3.54 ms, found 3 plugins.
Preloading 0 native plugins for Editor in 0.00 ms.
Unloading 21 Unused Serialized files (Serialized files now loaded: 0)
System memory in use before: 52.0 MB.
System memory in use after: 52.0 MB.

Unloading 20 unused Assets to reduce memory usage. Loaded Objects now: 2514.
Total: 1.684700 ms (FindLiveObjects: 0.140800 ms CreateObjectMapping: 0.068500 ms MarkObjects: 1.399700 ms  DeleteObjects: 0.075000 ms)

========================================================================
Received Import Request.
  Time since last request: 24.527995 seconds.
  path: Assets/MyLife_App/MyLife_Unity_Script.cs
  artifactKey: Guid(21802c9c6dcdbd04e9417acbeb6604bf) Importer(815301076,1909f56bfc062723c751e8b465ee728b)
Start importing Assets/MyLife_App/MyLife_Unity_Script.cs using Guid(21802c9c6dcdbd04e9417acbeb6604bf) Importer(815301076,1909f56bfc062723c751e8b465ee728b)  -> (artifact id: '0b504e4f1e160bac28eaee153f163ead') in 0.031705 seconds
  Import took 0.034371 seconds .

========================================================================
Received Prepare
Registering precompiled user dll's ...
Registered in 0.004255 seconds.
Begin MonoManager ReloadAssembly
Native extension for WindowsStandalone target not found
Refreshing native plugins compatible for Editor in 0.57 ms, found 3 plugins.
Preloading 0 native plugins for Editor in 0.00 ms.
Mono: successfully reloaded assembly
- Completed reload, in  0.962 seconds
Platform modules already initialized, skipping
Refreshing native plugins compatible for Editor in 0.37 ms, found 3 plugins.
Preloading 0 native plugins for Editor in 0.00 ms.
Unloading 2077 Unused Serialized files (Serialized files now loaded: 0)
System memory in use before: 92.8 MB.
System memory in use after: 92.8 MB.

Unloading 22 unused Assets to reduce memory usage. Loaded Objects now: 2518.
Total: 2.043600 ms (FindLiveObjects: 0.184200 ms CreateObjectMapping: 0.073700 ms MarkObjects: 1.697200 ms  DeleteObjects: 0.087600 ms)

========================================================================
Received Import Request.
  Time since last request: 1490.738698 seconds.
  path: Assets/MyLife_App/obj/MyLife_App.csproj.nuget.g.props
  artifactKey: Guid(3ce005335fa913945bb9d1a374e5a572) Importer(815301076,1909f56bfc062723c751e8b465ee728b)
Start importing Assets/MyLife_App/obj/MyLife_App.csproj.nuget.g.props using Guid(3ce005335fa913945bb9d1a374e5a572) Importer(815301076,1909f56bfc062723c751e8b465ee728b)  -> (artifact id: '8f9c665013e964e21d64cd152e0d95f0') in 0.026623 seconds
  Import took 0.038259 seconds .

========================================================================
Received Import Request.
  Time since last request: 1.406072 seconds.
  path: Assets/MyLife_App/obj/MyLife_App.csproj.nuget.g.targets
  artifactKey: Guid(6e9631bcb94f4304abf58239d23317df) Importer(815301076,1909f56bfc062723c751e8b465ee728b)
Start importing Assets/MyLife_App/obj/MyLife_App.csproj.nuget.g.targets using Guid(6e9631bcb94f4304abf58239d23317df) Importer(815301076,1909f56bfc062723c751e8b465ee728b)  -> (artifact id: '100ade4915a6ede851262b05c902a067') in 0.005057 seconds
  Import took 0.007852 seconds .

========================================================================
Received Import Request.
  Time since last request: 0.694679 seconds.
  path: Assets/MyLife_App/obj/project.assets.json
  artifactKey: Guid(f6bf08b0d30f5e142979d8b212d4b19b) Importer(815301076,1909f56bfc062723c751e8b465ee728b)
Start importing Assets/MyLife_App/obj/project.assets.json using Guid(f6bf08b0d30f5e142979d8b212d4b19b) Importer(815301076,1909f56bfc062723c751e8b465ee728b)  -> (artifact id: 'c8127b6fa65f7b12e8a355811840104d') in 0.012954 seconds
  Import took 0.017068 seconds .

========================================================================
Received Import Request.
  Time since last request: 1.841796 seconds.
  path: Assets/MyLife_App/obj/project.nuget.cache
  artifactKey: Guid(765b03c62f2d7a0409620739836998a4) Importer(815301076,1909f56bfc062723c751e8b465ee728b)
Start importing Assets/MyLife_App/obj/project.nuget.cache using Guid(765b03c62f2d7a0409620739836998a4) Importer(815301076,1909f56bfc062723c751e8b465ee728b)  -> (artifact id: '67acd5ec1302e43108b3926683c559c7') in 0.011519 seconds
  Import took 0.015619 seconds .

========================================================================
Received Import Request.
  Time since last request: 2.029938 seconds.
  path: Assets/MyLife_App/obj/MyLife_App.csproj.nuget.dgspec.json
  artifactKey: Guid(5d59c88b23bfdd749943beb3c5e9031d) Importer(815301076,1909f56bfc062723c751e8b465ee728b)
Start importing Assets/MyLife_App/obj/MyLife_App.csproj.nuget.dgspec.json using Guid(5d59c88b23bfdd749943beb3c5e9031d) Importer(815301076,1909f56bfc062723c751e8b465ee728b)  -> (artifact id: 'd97a4c774a6acddfe3f352deb711e88b') in 0.006725 seconds
  Import took 0.009684 seconds .

========================================================================
Received Import Request.
  Time since last request: 1001.525475 seconds.
  path: Assets/MyLife_App/MyLife_Unity_Script.cs
  artifactKey: Guid(21802c9c6dcdbd04e9417acbeb6604bf) Importer(815301076,1909f56bfc062723c751e8b465ee728b)
Start importing Assets/MyLife_App/MyLife_Unity_Script.cs using Guid(21802c9c6dcdbd04e9417acbeb6604bf) Importer(815301076,1909f56bfc062723c751e8b465ee728b)  -> (artifact id: 'd6760c086907a912f1ae4b2c136a0b9a') in 0.002518 seconds
  Import took 0.006757 seconds .

========================================================================
Received Import Request.
  Time since last request: 0.003102 seconds.
  path: Assets/MyLife_App/MyLife_Unity_Script.cs
  artifactKey: Guid(21802c9c6dcdbd04e9417acbeb6604bf) Importer(815301076,1909f56bfc062723c751e8b465ee728b)
Start importing Assets/MyLife_App/MyLife_Unity_Script.cs using Guid(21802c9c6dcdbd04e9417acbeb6604bf) Importer(815301076,1909f56bfc062723c751e8b465ee728b)  -> (artifact id: 'd6760c086907a912f1ae4b2c136a0b9a') in 0.002628 seconds
  Import took 0.006408 seconds .

========================================================================
Received Import Request.
  Time since last request: 727.198409 seconds.
  path: Assets/MyLife_App/bin
  artifactKey: Guid(0b813d7a89f08304597ed8527a4a93c6) Importer(815301076,1909f56bfc062723c751e8b465ee728b)
Start importing Assets/MyLife_App/bin using Guid(0b813d7a89f08304597ed8527a4a93c6) Importer(815301076,1909f56bfc062723c751e8b465ee728b)  -> (artifact id: '6daf7a84678aacc894c224a5b11950a1') in 0.008558 seconds
  Import took 0.012891 seconds .

AssetImportWorkerClient::OnTransportError - code=2 error=End of file
