Using pre-set license
Built from '2020.3/staging' branch; Version is '2020.3.11f1 (99c7afb366b3) revision 10078127'; Using compiler version '192528614'; Build Type 'Release'
OS: 'Windows 10 Pro; OS build 18363.1556; Version 1909; 64bit' Language: 'en' Physical Memory: 32679 MB
BatchMode: 1, IsHumanControllingUs: 0, StartBugReporterOnCrash: 0, Is64bit: 1, IsPro: 0

 COMMAND LINE ARGUMENTS:
C:\Program Files (x86)\Microsoft Visual Studio Tools for Unity\16.0\Editor\2020.3.11f1\Editor\Unity.exe
-adb2
-batchMode
-noUpm
-name
AssetImportWorker0
-projectPath
C:/Users/kkrup/Documents/Unity Projects/MyLife_Unity
-logFile
Logs/AssetImportWorker0.log
-srvPort
57109
Successfully changed project path to: C:/Users/kkrup/Documents/Unity Projects/MyLife_Unity
C:/Users/kkrup/Documents/Unity Projects/MyLife_Unity
Using Asset Import Pipeline V2.
Refreshing native plugins compatible for Editor in 44.10 ms, found 3 plugins.
Preloading 0 native plugins for Editor in 0.00 ms.
Initialize engine version: 2020.3.11f1 (99c7afb366b3)
[Subsystems] Discovering subsystems at path C:/Program Files (x86)/Microsoft Visual Studio Tools for Unity/16.0/Editor/2020.3.11f1/Editor/Data/Resources/UnitySubsystems
[Subsystems] Discovering subsystems at path C:/Users/kkrup/Documents/Unity Projects/MyLife_Unity/Assets
GfxDevice: creating device client; threaded=0
Direct3D:
    Version:  Direct3D 11.0 [level 11.1]
    Renderer: NVIDIA GeForce RTX 2070 (ID=0x1f07)
    Vendor:   
    VRAM:     8031 MB
    Driver:   27.21.14.6079
Initialize mono
Mono path[0] = 'C:/Program Files (x86)/Microsoft Visual Studio Tools for Unity/16.0/Editor/2020.3.11f1/Editor/Data/Managed'
Mono path[1] = 'C:/Program Files (x86)/Microsoft Visual Studio Tools for Unity/16.0/Editor/2020.3.11f1/Editor/Data/MonoBleedingEdge/lib/mono/unityjit'
Mono config path = 'C:/Program Files (x86)/Microsoft Visual Studio Tools for Unity/16.0/Editor/2020.3.11f1/Editor/Data/MonoBleedingEdge/etc'
Using monoOptions --debugger-agent=transport=dt_socket,embedding=1,server=y,suspend=n,address=127.0.0.1:56312
Begin MonoManager ReloadAssembly
Registering precompiled unity dll's ...
Register platform support module: C:/Program Files (x86)/Microsoft Visual Studio Tools for Unity/16.0/Editor/2020.3.11f1/Editor/Data/PlaybackEngines/WindowsStandaloneSupport/UnityEditor.WindowsStandalone.Extensions.dll
Registered in 0.001738 seconds.
Native extension for WindowsStandalone target not found
Refreshing native plugins compatible for Editor in 41.11 ms, found 3 plugins.
Preloading 0 native plugins for Editor in 0.00 ms.
Mono: successfully reloaded assembly
- Completed reload, in  2.102 seconds
Platform modules already initialized, skipping
Registering precompiled user dll's ...
Registered in 0.006287 seconds.
Begin MonoManager ReloadAssembly
Native extension for WindowsStandalone target not found
Refreshing native plugins compatible for Editor in 43.40 ms, found 3 plugins.
Preloading 0 native plugins for Editor in 0.00 ms.
Mono: successfully reloaded assembly
- Completed reload, in  1.048 seconds
Platform modules already initialized, skipping
========================================================================
Worker process is ready to serve import requests
Launched and connected shader compiler UnityShaderCompiler.exe after 0.07 seconds
Refreshing native plugins compatible for Editor in 0.44 ms, found 3 plugins.
Preloading 0 native plugins for Editor in 0.00 ms.
Unloading 2081 Unused Serialized files (Serialized files now loaded: 0)
System memory in use before: 92.8 MB.
System memory in use after: 92.8 MB.

Unloading 33 unused Assets to reduce memory usage. Loaded Objects now: 2514.
Total: 1.889400 ms (FindLiveObjects: 0.145900 ms CreateObjectMapping: 0.062200 ms MarkObjects: 1.574700 ms  DeleteObjects: 0.105700 ms)

========================================================================
Received Import Request.
  path: Assets/Scripts
  artifactKey: Guid(7f1deada1c905254eb7ee476481c47f1) Importer(815301076,1909f56bfc062723c751e8b465ee728b)
Start importing Assets/Scripts using Guid(7f1deada1c905254eb7ee476481c47f1) Importer(815301076,1909f56bfc062723c751e8b465ee728b)  -> (artifact id: '5dbb8d87d63bdd3ca1f23b69091e4714') in 0.007762 seconds
  Import took 0.010951 seconds .

========================================================================
Received Prepare
Registering precompiled user dll's ...
Registered in 0.004159 seconds.
Begin MonoManager ReloadAssembly
Native extension for WindowsStandalone target not found
Refreshing native plugins compatible for Editor in 0.37 ms, found 3 plugins.
Preloading 0 native plugins for Editor in 0.00 ms.
Mono: successfully reloaded assembly
- Completed reload, in  0.904 seconds
Platform modules already initialized, skipping
Refreshing native plugins compatible for Editor in 0.39 ms, found 3 plugins.
Preloading 0 native plugins for Editor in 0.00 ms.
Unloading 2076 Unused Serialized files (Serialized files now loaded: 0)
System memory in use before: 92.8 MB.
System memory in use after: 92.8 MB.

Unloading 21 unused Assets to reduce memory usage. Loaded Objects now: 2518.
Total: 1.833900 ms (FindLiveObjects: 0.150000 ms CreateObjectMapping: 0.064000 ms MarkObjects: 1.541000 ms  DeleteObjects: 0.078000 ms)

========================================================================
Received Import Request.
  Time since last request: 299.316917 seconds.
  path: Assets/Scripts/MyLife_Unity_Script.cs
  artifactKey: Guid(21802c9c6dcdbd04e9417acbeb6604bf) Importer(815301076,1909f56bfc062723c751e8b465ee728b)
Start importing Assets/Scripts/MyLife_Unity_Script.cs using Guid(21802c9c6dcdbd04e9417acbeb6604bf) Importer(815301076,1909f56bfc062723c751e8b465ee728b)  -> (artifact id: 'f80afd775daaf63ad6384384bc3555af') in 0.049689 seconds
  Import took 0.052646 seconds .

========================================================================
Received Prepare
Registering precompiled user dll's ...
Registered in 0.004674 seconds.
Begin MonoManager ReloadAssembly
Native extension for WindowsStandalone target not found
Refreshing native plugins compatible for Editor in 0.35 ms, found 3 plugins.
Preloading 0 native plugins for Editor in 0.00 ms.
Mono: successfully reloaded assembly
- Completed reload, in  0.935 seconds
Platform modules already initialized, skipping
Refreshing native plugins compatible for Editor in 0.34 ms, found 3 plugins.
Preloading 0 native plugins for Editor in 0.00 ms.
Unloading 2076 Unused Serialized files (Serialized files now loaded: 0)
System memory in use before: 92.8 MB.
System memory in use after: 92.8 MB.

Unloading 21 unused Assets to reduce memory usage. Loaded Objects now: 2522.
Total: 2.156500 ms (FindLiveObjects: 0.168400 ms CreateObjectMapping: 0.060700 ms MarkObjects: 1.812600 ms  DeleteObjects: 0.113900 ms)

========================================================================
Received Prepare
Registering precompiled user dll's ...
Registered in 0.004109 seconds.
Begin MonoManager ReloadAssembly
Native extension for WindowsStandalone target not found
Refreshing native plugins compatible for Editor in 0.35 ms, found 3 plugins.
Preloading 0 native plugins for Editor in 0.00 ms.
Mono: successfully reloaded assembly
- Completed reload, in  0.900 seconds
Platform modules already initialized, skipping
Refreshing native plugins compatible for Editor in 0.35 ms, found 3 plugins.
Preloading 0 native plugins for Editor in 0.00 ms.
Unloading 2076 Unused Serialized files (Serialized files now loaded: 0)
System memory in use before: 92.8 MB.
System memory in use after: 92.8 MB.

Unloading 21 unused Assets to reduce memory usage. Loaded Objects now: 2526.
Total: 1.996100 ms (FindLiveObjects: 0.168100 ms CreateObjectMapping: 0.071300 ms MarkObjects: 1.672100 ms  DeleteObjects: 0.083700 ms)

========================================================================
Received Prepare
Registering precompiled user dll's ...
Registered in 0.004633 seconds.
Begin MonoManager ReloadAssembly
Native extension for WindowsStandalone target not found
Refreshing native plugins compatible for Editor in 0.37 ms, found 3 plugins.
Preloading 0 native plugins for Editor in 0.00 ms.
Mono: successfully reloaded assembly
- Completed reload, in  1.048 seconds
Platform modules already initialized, skipping
Refreshing native plugins compatible for Editor in 0.63 ms, found 3 plugins.
Preloading 0 native plugins for Editor in 0.00 ms.
Unloading 2076 Unused Serialized files (Serialized files now loaded: 0)
System memory in use before: 92.9 MB.
System memory in use after: 92.8 MB.

Unloading 21 unused Assets to reduce memory usage. Loaded Objects now: 2530.
Total: 2.690100 ms (FindLiveObjects: 0.285200 ms CreateObjectMapping: 0.111300 ms MarkObjects: 2.197000 ms  DeleteObjects: 0.095300 ms)

========================================================================
Received Prepare
Registering precompiled user dll's ...
Registered in 0.005137 seconds.
Begin MonoManager ReloadAssembly
Native extension for WindowsStandalone target not found
Refreshing native plugins compatible for Editor in 0.75 ms, found 3 plugins.
Preloading 0 native plugins for Editor in 0.00 ms.
Mono: successfully reloaded assembly
- Completed reload, in  1.060 seconds
Platform modules already initialized, skipping
Refreshing native plugins compatible for Editor in 0.41 ms, found 3 plugins.
Preloading 0 native plugins for Editor in 0.00 ms.
Unloading 2076 Unused Serialized files (Serialized files now loaded: 0)
System memory in use before: 92.9 MB.
System memory in use after: 92.9 MB.

Unloading 21 unused Assets to reduce memory usage. Loaded Objects now: 2534.
Total: 1.853700 ms (FindLiveObjects: 0.161900 ms CreateObjectMapping: 0.071800 ms MarkObjects: 1.532100 ms  DeleteObjects: 0.087100 ms)

========================================================================
Received Prepare
Registering precompiled user dll's ...
Registered in 0.013194 seconds.
Begin MonoManager ReloadAssembly
Native extension for WindowsStandalone target not found
Refreshing native plugins compatible for Editor in 0.35 ms, found 3 plugins.
Preloading 0 native plugins for Editor in 0.00 ms.
Mono: successfully reloaded assembly
- Completed reload, in  0.904 seconds
Platform modules already initialized, skipping
Refreshing native plugins compatible for Editor in 0.44 ms, found 3 plugins.
Preloading 0 native plugins for Editor in 0.00 ms.
Unloading 2076 Unused Serialized files (Serialized files now loaded: 0)
System memory in use before: 92.9 MB.
System memory in use after: 92.9 MB.

Unloading 21 unused Assets to reduce memory usage. Loaded Objects now: 2538.
Total: 2.035800 ms (FindLiveObjects: 0.194700 ms CreateObjectMapping: 0.066500 ms MarkObjects: 1.685400 ms  DeleteObjects: 0.088300 ms)

========================================================================
Received Prepare
Registering precompiled user dll's ...
Registered in 0.003854 seconds.
Begin MonoManager ReloadAssembly
Native extension for WindowsStandalone target not found
Refreshing native plugins compatible for Editor in 0.40 ms, found 3 plugins.
Preloading 0 native plugins for Editor in 0.00 ms.
Mono: successfully reloaded assembly
- Completed reload, in  0.945 seconds
Platform modules already initialized, skipping
Refreshing native plugins compatible for Editor in 0.39 ms, found 3 plugins.
Preloading 0 native plugins for Editor in 0.00 ms.
Unloading 2076 Unused Serialized files (Serialized files now loaded: 0)
System memory in use before: 92.9 MB.
System memory in use after: 92.9 MB.

Unloading 21 unused Assets to reduce memory usage. Loaded Objects now: 2542.
Total: 2.073400 ms (FindLiveObjects: 0.166600 ms CreateObjectMapping: 0.066600 ms MarkObjects: 1.750400 ms  DeleteObjects: 0.088600 ms)

========================================================================
Received Prepare
Registering precompiled user dll's ...
Registered in 0.004715 seconds.
Begin MonoManager ReloadAssembly
Native extension for WindowsStandalone target not found
Refreshing native plugins compatible for Editor in 0.38 ms, found 3 plugins.
Preloading 0 native plugins for Editor in 0.00 ms.
Mono: successfully reloaded assembly
- Completed reload, in  0.899 seconds
Platform modules already initialized, skipping
Refreshing native plugins compatible for Editor in 0.35 ms, found 3 plugins.
Preloading 0 native plugins for Editor in 0.00 ms.
Unloading 2076 Unused Serialized files (Serialized files now loaded: 0)
System memory in use before: 92.9 MB.
System memory in use after: 92.9 MB.

Unloading 21 unused Assets to reduce memory usage. Loaded Objects now: 2546.
Total: 1.804000 ms (FindLiveObjects: 0.159300 ms CreateObjectMapping: 0.054300 ms MarkObjects: 1.474200 ms  DeleteObjects: 0.115300 ms)

AssetImportWorkerClient::OnTransportError - code=2 error=End of file
